<?xml version="1.0" encoding="UTF-8"?>
<!-- Generated by org.testng.reporters.JUnitReportReporter -->
<testsuite hostname="DESKTOP-5RN11MV" failures="0" tests="1" name="WebAutomation.OrderCompleteTest" time="17.111" errors="0" timestamp="2023-01-14T12:00:50 IST" skipped="0">
  <testcase classname="WebAutomation.OrderCompleteTest" name="endToEndTest" time="17.111"/>
  <system-out/>
</testsuite> <!-- WebAutomation.OrderCompleteTest -->
