<?xml version="1.0" encoding="UTF-8"?>
<!-- Generated by org.testng.reporters.JUnitReportReporter -->
<testsuite hostname="DESKTOP-5RN11MV" failures="0" tests="1" name="Cucumber.TestNGTestRunner" time="14.299" errors="0" timestamp="2023-01-14T11:46:31 IST" skipped="0">
  <testcase classname="Cucumber.TestNGTestRunner" name="runScenario" time="14.299"/>
  <system-out/>
</testsuite> <!-- Cucumber.TestNGTestRunner -->
