<?xml version="1.0" encoding="UTF-8"?>
<!-- Generated by org.testng.reporters.JUnitReportReporter -->
<testsuite hostname="DESKTOP-5RN11MV" failures="0" tests="1" name="WebAutomation.dataList" time="6.492" errors="0" timestamp="2023-01-09T17:05:20 IST" skipped="0">
  <testcase classname="WebAutomation.dataList" name="testDataList" time="6.492"/>
  <system-out/>
</testsuite> <!-- WebAutomation.dataList -->
